{"/home/usuario/DSI/prct07-witcher-datamodel-grupot/src/goods.ts": {"path":"/home/usuario/DSI/prct07-witcher-datamodel-grupot/src/goods.ts","all":false,"statementMap":{"0":{"start":{"line":1,"column":0},"end":{"line":1,"column":19}},"1":{"start":{"line":2,"column":0},"end":{"line":2,"column":14}},"2":{"start":{"line":3,"column":0},"end":{"line":3,"column":22}},"3":{"start":{"line":4,"column":0},"end":{"line":4,"column":24}},"4":{"start":{"line":5,"column":0},"end":{"line":5,"column":31}},"5":{"start":{"line":6,"column":0},"end":{"line":6,"column":28}},"6":{"start":{"line":7,"column":0},"end":{"line":7,"column":26}},"7":{"start":{"line":8,"column":0},"end":{"line":8,"column":24}},"8":{"start":{"line":9,"column":0},"end":{"line":9,"column":6}},"9":{"start":{"line":10,"column":0},"end":{"line":10,"column":1}}},"s":{"0":1,"1":1,"2":4,"3":4,"4":4,"5":4,"6":4,"7":4,"8":4,"9":1},"branchMap":{"0":{"type":"branch","line":2,"loc":{"start":{"line":2,"column":2},"end":{"line":9,"column":6}},"locations":[{"start":{"line":2,"column":2},"end":{"line":9,"column":6}}]}},"b":{"0":[4]},"fnMap":{"0":{"name":"Good","decl":{"start":{"line":2,"column":2},"end":{"line":9,"column":6}},"loc":{"start":{"line":2,"column":2},"end":{"line":9,"column":6}},"line":2}},"f":{"0":4}}
,"/home/usuario/DSI/prct07-witcher-datamodel-grupot/src/inventory_system.ts": {"path":"/home/usuario/DSI/prct07-witcher-datamodel-grupot/src/inventory_system.ts","all":false,"statementMap":{"5":{"start":{"line":6,"column":0},"end":{"line":6,"column":30}},"6":{"start":{"line":7,"column":0},"end":{"line":7,"column":30}},"7":{"start":{"line":8,"column":0},"end":{"line":8,"column":38}},"8":{"start":{"line":9,"column":0},"end":{"line":9,"column":38}},"10":{"start":{"line":11,"column":0},"end":{"line":11,"column":38}},"11":{"start":{"line":12,"column":0},"end":{"line":12,"column":47}},"12":{"start":{"line":13,"column":0},"end":{"line":13,"column":47}},"18":{"start":{"line":19,"column":0},"end":{"line":19,"column":23}},"19":{"start":{"line":20,"column":0},"end":{"line":20,"column":27}},"20":{"start":{"line":21,"column":0},"end":{"line":21,"column":3}},"26":{"start":{"line":27,"column":0},"end":{"line":27,"column":26}},"27":{"start":{"line":28,"column":0},"end":{"line":28,"column":61}},"28":{"start":{"line":29,"column":0},"end":{"line":29,"column":3}},"36":{"start":{"line":37,"column":0},"end":{"line":37,"column":84}},"37":{"start":{"line":38,"column":0},"end":{"line":38,"column":39}},"38":{"start":{"line":39,"column":0},"end":{"line":39,"column":40}},"39":{"start":{"line":40,"column":0},"end":{"line":40,"column":56}},"40":{"start":{"line":41,"column":0},"end":{"line":41,"column":7}},"41":{"start":{"line":42,"column":0},"end":{"line":42,"column":3}},"47":{"start":{"line":48,"column":0},"end":{"line":48,"column":35}},"48":{"start":{"line":49,"column":0},"end":{"line":49,"column":35}},"49":{"start":{"line":50,"column":0},"end":{"line":50,"column":3}},"55":{"start":{"line":56,"column":0},"end":{"line":56,"column":44}},"56":{"start":{"line":57,"column":0},"end":{"line":57,"column":85}},"57":{"start":{"line":58,"column":0},"end":{"line":58,"column":3}},"63":{"start":{"line":64,"column":0},"end":{"line":64,"column":41}},"64":{"start":{"line":65,"column":0},"end":{"line":65,"column":35}},"65":{"start":{"line":66,"column":0},"end":{"line":66,"column":3}},"71":{"start":{"line":72,"column":0},"end":{"line":72,"column":45}},"72":{"start":{"line":73,"column":0},"end":{"line":73,"column":86}},"73":{"start":{"line":74,"column":0},"end":{"line":74,"column":3}},"81":{"start":{"line":82,"column":0},"end":{"line":82,"column":46}},"82":{"start":{"line":83,"column":0},"end":{"line":83,"column":82}},"83":{"start":{"line":84,"column":0},"end":{"line":84,"column":3}},"91":{"start":{"line":92,"column":0},"end":{"line":92,"column":46}},"92":{"start":{"line":93,"column":0},"end":{"line":93,"column":82}},"93":{"start":{"line":94,"column":0},"end":{"line":94,"column":3}},"94":{"start":{"line":95,"column":0},"end":{"line":95,"column":1}}},"s":{"5":1,"6":1,"7":5,"8":5,"10":1,"11":1,"12":1,"18":1,"19":4,"20":4,"26":1,"27":1,"28":1,"36":1,"37":1,"38":1,"39":1,"40":1,"41":1,"47":1,"48":2,"49":2,"55":1,"56":2,"57":2,"63":1,"64":2,"65":2,"71":1,"72":2,"73":2,"81":1,"82":2,"83":2,"91":1,"92":2,"93":2,"94":1},"branchMap":{"0":{"type":"branch","line":7,"loc":{"start":{"line":7,"column":10},"end":{"line":9,"column":38}},"locations":[{"start":{"line":7,"column":10},"end":{"line":9,"column":38}}]},"1":{"type":"branch","line":11,"loc":{"start":{"line":11,"column":2},"end":{"line":11,"column":38}},"locations":[{"start":{"line":11,"column":2},"end":{"line":11,"column":38}}]},"2":{"type":"branch","line":12,"loc":{"start":{"line":12,"column":2},"end":{"line":12,"column":47}},"locations":[{"start":{"line":12,"column":2},"end":{"line":12,"column":47}}]},"3":{"type":"branch","line":13,"loc":{"start":{"line":13,"column":2},"end":{"line":13,"column":47}},"locations":[{"start":{"line":13,"column":2},"end":{"line":13,"column":47}}]},"4":{"type":"branch","line":19,"loc":{"start":{"line":19,"column":2},"end":{"line":21,"column":3}},"locations":[{"start":{"line":19,"column":2},"end":{"line":21,"column":3}}]},"5":{"type":"branch","line":27,"loc":{"start":{"line":27,"column":2},"end":{"line":29,"column":3}},"locations":[{"start":{"line":27,"column":2},"end":{"line":29,"column":3}}]},"6":{"type":"branch","line":28,"loc":{"start":{"line":28,"column":37},"end":{"line":28,"column":59}},"locations":[{"start":{"line":28,"column":37},"end":{"line":28,"column":59}}]},"7":{"type":"branch","line":37,"loc":{"start":{"line":37,"column":2},"end":{"line":42,"column":3}},"locations":[{"start":{"line":37,"column":2},"end":{"line":42,"column":3}}]},"8":{"type":"branch","line":38,"loc":{"start":{"line":38,"column":28},"end":{"line":41,"column":5}},"locations":[{"start":{"line":38,"column":28},"end":{"line":41,"column":5}}]},"9":{"type":"branch","line":39,"loc":{"start":{"line":39,"column":33},"end":{"line":39,"column":40}},"locations":[{"start":{"line":39,"column":33},"end":{"line":39,"column":40}}]},"10":{"type":"branch","line":40,"loc":{"start":{"line":40,"column":35},"end":{"line":40,"column":48}},"locations":[{"start":{"line":40,"column":35},"end":{"line":40,"column":48}}]},"11":{"type":"branch","line":48,"loc":{"start":{"line":48,"column":2},"end":{"line":50,"column":3}},"locations":[{"start":{"line":48,"column":2},"end":{"line":50,"column":3}}]},"12":{"type":"branch","line":56,"loc":{"start":{"line":56,"column":2},"end":{"line":58,"column":3}},"locations":[{"start":{"line":56,"column":2},"end":{"line":58,"column":3}}]},"13":{"type":"branch","line":57,"loc":{"start":{"line":57,"column":45},"end":{"line":57,"column":83}},"locations":[{"start":{"line":57,"column":45},"end":{"line":57,"column":83}}]},"14":{"type":"branch","line":64,"loc":{"start":{"line":64,"column":2},"end":{"line":66,"column":3}},"locations":[{"start":{"line":64,"column":2},"end":{"line":66,"column":3}}]},"15":{"type":"branch","line":72,"loc":{"start":{"line":72,"column":2},"end":{"line":74,"column":3}},"locations":[{"start":{"line":72,"column":2},"end":{"line":74,"column":3}}]},"16":{"type":"branch","line":73,"loc":{"start":{"line":73,"column":45},"end":{"line":73,"column":84}},"locations":[{"start":{"line":73,"column":45},"end":{"line":73,"column":84}}]},"17":{"type":"branch","line":82,"loc":{"start":{"line":82,"column":2},"end":{"line":84,"column":3}},"locations":[{"start":{"line":82,"column":2},"end":{"line":84,"column":3}}]},"18":{"type":"branch","line":83,"loc":{"start":{"line":83,"column":32},"end":{"line":83,"column":80}},"locations":[{"start":{"line":83,"column":32},"end":{"line":83,"column":80}}]},"19":{"type":"branch","line":92,"loc":{"start":{"line":92,"column":2},"end":{"line":94,"column":3}},"locations":[{"start":{"line":92,"column":2},"end":{"line":94,"column":3}}]},"20":{"type":"branch","line":93,"loc":{"start":{"line":93,"column":32},"end":{"line":93,"column":80}},"locations":[{"start":{"line":93,"column":32},"end":{"line":93,"column":80}}]}},"b":{"0":[5],"1":[5],"2":[5],"3":[5],"4":[4],"5":[1],"6":[1],"7":[1],"8":[1],"9":[0],"10":[0],"11":[2],"12":[2],"13":[3],"14":[2],"15":[2],"16":[3],"17":[2],"18":[3],"19":[2],"20":[3]},"fnMap":{"0":{"name":"<instance_members_initializer>","decl":{"start":{"line":7,"column":10},"end":{"line":9,"column":38}},"loc":{"start":{"line":7,"column":10},"end":{"line":9,"column":38}},"line":7},"1":{"name":"get items","decl":{"start":{"line":11,"column":2},"end":{"line":11,"column":38}},"loc":{"start":{"line":11,"column":2},"end":{"line":11,"column":38}},"line":11},"2":{"name":"get merchants","decl":{"start":{"line":12,"column":2},"end":{"line":12,"column":47}},"loc":{"start":{"line":12,"column":2},"end":{"line":12,"column":47}},"line":12},"3":{"name":"get customers","decl":{"start":{"line":13,"column":2},"end":{"line":13,"column":47}},"loc":{"start":{"line":13,"column":2},"end":{"line":13,"column":47}},"line":13},"4":{"name":"addItem","decl":{"start":{"line":19,"column":2},"end":{"line":21,"column":3}},"loc":{"start":{"line":19,"column":2},"end":{"line":21,"column":3}},"line":19},"5":{"name":"removeItem","decl":{"start":{"line":27,"column":2},"end":{"line":29,"column":3}},"loc":{"start":{"line":27,"column":2},"end":{"line":29,"column":3}},"line":27},"6":{"name":"listItems","decl":{"start":{"line":37,"column":2},"end":{"line":42,"column":3}},"loc":{"start":{"line":37,"column":2},"end":{"line":42,"column":3}},"line":37},"7":{"name":"addMerchant","decl":{"start":{"line":48,"column":2},"end":{"line":50,"column":3}},"loc":{"start":{"line":48,"column":2},"end":{"line":50,"column":3}},"line":48},"8":{"name":"removeMerchant","decl":{"start":{"line":56,"column":2},"end":{"line":58,"column":3}},"loc":{"start":{"line":56,"column":2},"end":{"line":58,"column":3}},"line":56},"9":{"name":"addCustomer","decl":{"start":{"line":64,"column":2},"end":{"line":66,"column":3}},"loc":{"start":{"line":64,"column":2},"end":{"line":66,"column":3}},"line":64},"10":{"name":"removeCustomer","decl":{"start":{"line":72,"column":2},"end":{"line":74,"column":3}},"loc":{"start":{"line":72,"column":2},"end":{"line":74,"column":3}},"line":72},"11":{"name":"findMerchantByName","decl":{"start":{"line":82,"column":2},"end":{"line":84,"column":3}},"loc":{"start":{"line":82,"column":2},"end":{"line":84,"column":3}},"line":82},"12":{"name":"findCustomerByName","decl":{"start":{"line":92,"column":2},"end":{"line":94,"column":3}},"loc":{"start":{"line":92,"column":2},"end":{"line":94,"column":3}},"line":92}},"f":{"0":5,"1":5,"2":5,"3":5,"4":4,"5":1,"6":1,"7":2,"8":2,"9":2,"10":2,"11":2,"12":2}}
,"/home/usuario/DSI/prct07-witcher-datamodel-grupot/src/mercants.ts": {"path":"/home/usuario/DSI/prct07-witcher-datamodel-grupot/src/mercants.ts","all":false,"statementMap":{"0":{"start":{"line":1,"column":0},"end":{"line":1,"column":23}},"1":{"start":{"line":2,"column":0},"end":{"line":2,"column":14}},"2":{"start":{"line":3,"column":0},"end":{"line":3,"column":22}},"3":{"start":{"line":4,"column":0},"end":{"line":4,"column":24}},"4":{"start":{"line":5,"column":0},"end":{"line":5,"column":24}},"5":{"start":{"line":6,"column":0},"end":{"line":6,"column":27}},"6":{"start":{"line":7,"column":0},"end":{"line":7,"column":6}},"7":{"start":{"line":8,"column":0},"end":{"line":8,"column":1}}},"s":{"0":1,"1":1,"2":4,"3":4,"4":4,"5":4,"6":4,"7":1},"branchMap":{"0":{"type":"branch","line":2,"loc":{"start":{"line":2,"column":2},"end":{"line":7,"column":6}},"locations":[{"start":{"line":2,"column":2},"end":{"line":7,"column":6}}]}},"b":{"0":[4]},"fnMap":{"0":{"name":"Merchant","decl":{"start":{"line":2,"column":2},"end":{"line":7,"column":6}},"loc":{"start":{"line":2,"column":2},"end":{"line":7,"column":6}},"line":2}},"f":{"0":4}}
,"/home/usuario/DSI/prct07-witcher-datamodel-grupot/src/other_clients.ts": {"path":"/home/usuario/DSI/prct07-witcher-datamodel-grupot/src/other_clients.ts","all":false,"statementMap":{"0":{"start":{"line":1,"column":0},"end":{"line":1,"column":23}},"1":{"start":{"line":2,"column":0},"end":{"line":2,"column":14}},"2":{"start":{"line":3,"column":0},"end":{"line":3,"column":22}},"3":{"start":{"line":4,"column":0},"end":{"line":4,"column":24}},"4":{"start":{"line":5,"column":0},"end":{"line":5,"column":24}},"5":{"start":{"line":6,"column":0},"end":{"line":6,"column":27}},"6":{"start":{"line":7,"column":0},"end":{"line":7,"column":6}},"7":{"start":{"line":8,"column":0},"end":{"line":8,"column":1}}},"s":{"0":1,"1":1,"2":4,"3":4,"4":4,"5":4,"6":4,"7":1},"branchMap":{"0":{"type":"branch","line":2,"loc":{"start":{"line":2,"column":2},"end":{"line":7,"column":6}},"locations":[{"start":{"line":2,"column":2},"end":{"line":7,"column":6}}]}},"b":{"0":[4]},"fnMap":{"0":{"name":"Customer","decl":{"start":{"line":2,"column":2},"end":{"line":7,"column":6}},"loc":{"start":{"line":2,"column":2},"end":{"line":7,"column":6}},"line":2}},"f":{"0":4}}
}
