{"/home/usuario/DSI/prct07-witcher-datamodel-grupot/src/goods.ts": {"path":"/home/usuario/DSI/prct07-witcher-datamodel-grupot/src/goods.ts","all":false,"statementMap":{"0":{"start":{"line":1,"column":0},"end":{"line":1,"column":19}},"1":{"start":{"line":2,"column":0},"end":{"line":2,"column":14}},"2":{"start":{"line":3,"column":0},"end":{"line":3,"column":22}},"3":{"start":{"line":4,"column":0},"end":{"line":4,"column":24}},"4":{"start":{"line":5,"column":0},"end":{"line":5,"column":31}},"5":{"start":{"line":6,"column":0},"end":{"line":6,"column":28}},"6":{"start":{"line":7,"column":0},"end":{"line":7,"column":26}},"7":{"start":{"line":8,"column":0},"end":{"line":8,"column":24}},"8":{"start":{"line":9,"column":0},"end":{"line":9,"column":6}},"9":{"start":{"line":10,"column":0},"end":{"line":10,"column":1}}},"s":{"0":1,"1":1,"2":4,"3":4,"4":4,"5":4,"6":4,"7":4,"8":4,"9":1},"branchMap":{"0":{"type":"branch","line":2,"loc":{"start":{"line":2,"column":2},"end":{"line":9,"column":6}},"locations":[{"start":{"line":2,"column":2},"end":{"line":9,"column":6}}]}},"b":{"0":[4]},"fnMap":{"0":{"name":"Good","decl":{"start":{"line":2,"column":2},"end":{"line":9,"column":6}},"loc":{"start":{"line":2,"column":2},"end":{"line":9,"column":6}},"line":2}},"f":{"0":4}}
,"/home/usuario/DSI/prct07-witcher-datamodel-grupot/src/inventory_system.ts": {"path":"/home/usuario/DSI/prct07-witcher-datamodel-grupot/src/inventory_system.ts","all":false,"statementMap":{"5":{"start":{"line":6,"column":0},"end":{"line":6,"column":30}},"6":{"start":{"line":7,"column":0},"end":{"line":7,"column":30}},"7":{"start":{"line":8,"column":0},"end":{"line":8,"column":38}},"8":{"start":{"line":9,"column":0},"end":{"line":9,"column":38}},"10":{"start":{"line":11,"column":0},"end":{"line":11,"column":38}},"11":{"start":{"line":12,"column":0},"end":{"line":12,"column":47}},"12":{"start":{"line":13,"column":0},"end":{"line":13,"column":47}},"18":{"start":{"line":19,"column":0},"end":{"line":19,"column":23}},"19":{"start":{"line":20,"column":0},"end":{"line":20,"column":27}},"20":{"start":{"line":21,"column":0},"end":{"line":21,"column":3}},"26":{"start":{"line":27,"column":0},"end":{"line":27,"column":26}},"27":{"start":{"line":28,"column":0},"end":{"line":28,"column":61}},"28":{"start":{"line":29,"column":0},"end":{"line":29,"column":3}},"36":{"start":{"line":37,"column":0},"end":{"line":37,"column":84}},"37":{"start":{"line":38,"column":0},"end":{"line":38,"column":39}},"38":{"start":{"line":39,"column":0},"end":{"line":39,"column":40}},"39":{"start":{"line":40,"column":0},"end":{"line":40,"column":56}},"40":{"start":{"line":41,"column":0},"end":{"line":41,"column":7}},"41":{"start":{"line":42,"column":0},"end":{"line":42,"column":3}},"47":{"start":{"line":48,"column":0},"end":{"line":48,"column":35}},"48":{"start":{"line":49,"column":0},"end":{"line":49,"column":35}},"49":{"start":{"line":50,"column":0},"end":{"line":50,"column":3}},"55":{"start":{"line":56,"column":0},"end":{"line":56,"column":35}},"56":{"start":{"line":57,"column":0},"end":{"line":57,"column":35}},"57":{"start":{"line":58,"column":0},"end":{"line":58,"column":3}},"65":{"start":{"line":66,"column":0},"end":{"line":66,"column":46}},"66":{"start":{"line":67,"column":0},"end":{"line":67,"column":82}},"67":{"start":{"line":68,"column":0},"end":{"line":68,"column":3}},"75":{"start":{"line":76,"column":0},"end":{"line":76,"column":46}},"76":{"start":{"line":77,"column":0},"end":{"line":77,"column":82}},"77":{"start":{"line":78,"column":0},"end":{"line":78,"column":3}},"78":{"start":{"line":79,"column":0},"end":{"line":79,"column":1}}},"s":{"5":1,"6":1,"7":1,"8":1,"10":1,"11":1,"12":1,"18":1,"19":0,"20":0,"26":1,"27":0,"28":0,"36":1,"37":0,"38":0,"39":0,"40":0,"41":0,"47":1,"48":0,"49":0,"55":1,"56":0,"57":0,"65":1,"66":0,"67":0,"75":1,"76":0,"77":0,"78":1},"branchMap":{"0":{"type":"branch","line":7,"loc":{"start":{"line":7,"column":10},"end":{"line":9,"column":38}},"locations":[{"start":{"line":7,"column":10},"end":{"line":9,"column":38}}]}},"b":{"0":[1]},"fnMap":{"0":{"name":"<instance_members_initializer>","decl":{"start":{"line":7,"column":10},"end":{"line":9,"column":38}},"loc":{"start":{"line":7,"column":10},"end":{"line":9,"column":38}},"line":7},"1":{"name":"get items","decl":{"start":{"line":11,"column":2},"end":{"line":11,"column":38}},"loc":{"start":{"line":11,"column":2},"end":{"line":11,"column":38}},"line":11},"2":{"name":"get merchants","decl":{"start":{"line":12,"column":2},"end":{"line":12,"column":47}},"loc":{"start":{"line":12,"column":2},"end":{"line":12,"column":47}},"line":12},"3":{"name":"get customers","decl":{"start":{"line":13,"column":2},"end":{"line":13,"column":47}},"loc":{"start":{"line":13,"column":2},"end":{"line":13,"column":47}},"line":13},"4":{"name":"addItem","decl":{"start":{"line":19,"column":2},"end":{"line":21,"column":3}},"loc":{"start":{"line":19,"column":2},"end":{"line":21,"column":3}},"line":19},"5":{"name":"removeItem","decl":{"start":{"line":27,"column":2},"end":{"line":29,"column":3}},"loc":{"start":{"line":27,"column":2},"end":{"line":29,"column":3}},"line":27},"6":{"name":"listItems","decl":{"start":{"line":37,"column":2},"end":{"line":42,"column":3}},"loc":{"start":{"line":37,"column":2},"end":{"line":42,"column":3}},"line":37},"7":{"name":"addMerchant","decl":{"start":{"line":48,"column":2},"end":{"line":50,"column":3}},"loc":{"start":{"line":48,"column":2},"end":{"line":50,"column":3}},"line":48},"8":{"name":"addCustomer","decl":{"start":{"line":56,"column":2},"end":{"line":58,"column":3}},"loc":{"start":{"line":56,"column":2},"end":{"line":58,"column":3}},"line":56},"9":{"name":"findMerchantByName","decl":{"start":{"line":66,"column":2},"end":{"line":68,"column":3}},"loc":{"start":{"line":66,"column":2},"end":{"line":68,"column":3}},"line":66},"10":{"name":"findCustomerByName","decl":{"start":{"line":76,"column":2},"end":{"line":78,"column":3}},"loc":{"start":{"line":76,"column":2},"end":{"line":78,"column":3}},"line":76}},"f":{"0":1,"1":0,"2":0,"3":0,"4":0,"5":0,"6":0,"7":0,"8":0,"9":0,"10":0}}
,"/home/usuario/DSI/prct07-witcher-datamodel-grupot/src/mercants.ts": {"path":"/home/usuario/DSI/prct07-witcher-datamodel-grupot/src/mercants.ts","all":false,"statementMap":{"0":{"start":{"line":1,"column":0},"end":{"line":1,"column":23}},"1":{"start":{"line":2,"column":0},"end":{"line":2,"column":14}},"2":{"start":{"line":3,"column":0},"end":{"line":3,"column":22}},"3":{"start":{"line":4,"column":0},"end":{"line":4,"column":24}},"4":{"start":{"line":5,"column":0},"end":{"line":5,"column":24}},"5":{"start":{"line":6,"column":0},"end":{"line":6,"column":27}},"6":{"start":{"line":7,"column":0},"end":{"line":7,"column":6}},"7":{"start":{"line":8,"column":0},"end":{"line":8,"column":1}}},"s":{"0":1,"1":1,"2":4,"3":4,"4":4,"5":4,"6":4,"7":1},"branchMap":{"0":{"type":"branch","line":2,"loc":{"start":{"line":2,"column":2},"end":{"line":7,"column":6}},"locations":[{"start":{"line":2,"column":2},"end":{"line":7,"column":6}}]}},"b":{"0":[4]},"fnMap":{"0":{"name":"Merchant","decl":{"start":{"line":2,"column":2},"end":{"line":7,"column":6}},"loc":{"start":{"line":2,"column":2},"end":{"line":7,"column":6}},"line":2}},"f":{"0":4}}
,"/home/usuario/DSI/prct07-witcher-datamodel-grupot/src/other_clients.ts": {"path":"/home/usuario/DSI/prct07-witcher-datamodel-grupot/src/other_clients.ts","all":false,"statementMap":{"0":{"start":{"line":1,"column":0},"end":{"line":1,"column":23}},"1":{"start":{"line":2,"column":0},"end":{"line":2,"column":14}},"2":{"start":{"line":3,"column":0},"end":{"line":3,"column":22}},"3":{"start":{"line":4,"column":0},"end":{"line":4,"column":24}},"4":{"start":{"line":5,"column":0},"end":{"line":5,"column":24}},"5":{"start":{"line":6,"column":0},"end":{"line":6,"column":27}},"6":{"start":{"line":7,"column":0},"end":{"line":7,"column":6}},"7":{"start":{"line":8,"column":0},"end":{"line":8,"column":1}}},"s":{"0":1,"1":1,"2":4,"3":4,"4":4,"5":4,"6":4,"7":1},"branchMap":{"0":{"type":"branch","line":2,"loc":{"start":{"line":2,"column":2},"end":{"line":7,"column":6}},"locations":[{"start":{"line":2,"column":2},"end":{"line":7,"column":6}}]}},"b":{"0":[4]},"fnMap":{"0":{"name":"Customer","decl":{"start":{"line":2,"column":2},"end":{"line":7,"column":6}},"loc":{"start":{"line":2,"column":2},"end":{"line":7,"column":6}},"line":2}},"f":{"0":4}}
}
