TN:
SF:src/customer.ts
FN:2,Customer
FN:9,get getId
FN:10,get getName
FN:11,get getRace
FN:12,get getLocation
FN:14,setId
FN:15,setName
FN:16,setRace
FN:17,setLocation
FNF:9
FNH:8
FNDA:8,Customer
FNDA:0,get getId
FNDA:4,get getName
FNDA:2,get getRace
FNDA:4,get getLocation
FNDA:1,setId
FNDA:1,setName
FNDA:1,setRace
FNDA:1,setLocation
DA:1,1
DA:2,1
DA:3,8
DA:4,8
DA:5,8
DA:6,8
DA:7,8
DA:9,1
DA:10,1
DA:11,1
DA:12,1
DA:14,1
DA:15,1
DA:16,1
DA:17,1
DA:18,1
LF:16
LH:16
BRDA:2,0,0,8
BRDA:10,1,0,4
BRDA:11,2,0,2
BRDA:12,3,0,4
BRDA:14,4,0,1
BRDA:15,5,0,1
BRDA:16,6,0,1
BRDA:17,7,0,1
BRF:8
BRH:8
end_of_record
TN:
SF:src/customer_manager.ts
FN:4,<instance_members_initializer>
FN:6,get customers
FN:12,addCustomer
FN:20,removeCustomer
FN:24,updateCustomer
FN:39,findCustomerByName
FN:52,findCustomerByRace
FN:66,findCustomerByLocation
FNF:8
FNH:8
FNDA:2,<instance_members_initializer>
FNDA:12,get customers
FNDA:6,addCustomer
FNDA:3,removeCustomer
FNDA:2,updateCustomer
FNDA:3,findCustomerByName
FNDA:1,findCustomerByRace
FNDA:2,findCustomerByLocation
DA:3,1
DA:4,1
DA:6,1
DA:12,1
DA:13,6
DA:14,6
DA:20,1
DA:21,3
DA:22,3
DA:24,1
DA:25,2
DA:26,2
DA:27,2
DA:28,2
DA:29,2
DA:30,2
DA:31,2
DA:39,1
DA:40,3
DA:41,3
DA:52,1
DA:53,1
DA:54,1
DA:55,1
DA:66,1
DA:67,2
DA:68,2
DA:69,2
DA:70,1
LF:29
LH:29
BRDA:4,0,0,2
BRDA:6,1,0,12
BRDA:12,2,0,6
BRDA:20,3,0,3
BRDA:21,4,0,5
BRDA:24,5,0,2
BRDA:27,6,0,1
BRDA:28,7,0,1
BRDA:25,8,0,2
BRDA:39,9,0,3
BRDA:40,10,0,4
BRDA:52,11,0,1
BRDA:53,12,0,2
BRDA:66,13,0,2
BRDA:67,14,0,4
BRF:15
BRH:15
end_of_record
TN:
SF:src/goods.ts
FN:2,Good
FN:11,get getId
FN:12,get getName
FN:13,get getDescription
FN:14,get getMaterial
FN:15,get getWeight
FN:16,get getValue
FN:18,setId
FN:19,setName
FN:20,setDescription
FN:21,setMaterial
FN:22,setWeight
FN:23,setValue
FNF:13
FNH:11
FNDA:57,Good
FNDA:10,get getId
FNDA:8,get getName
FNDA:0,get getDescription
FNDA:0,get getMaterial
FNDA:17,get getWeight
FNDA:9,get getValue
FNDA:1,setId
FNDA:1,setName
FNDA:1,setDescription
FNDA:1,setMaterial
FNDA:1,setWeight
FNDA:1,setValue
DA:1,1
DA:2,1
DA:3,57
DA:4,57
DA:5,57
DA:6,57
DA:7,57
DA:8,57
DA:9,57
DA:11,1
DA:12,1
DA:13,1
DA:14,1
DA:15,1
DA:16,1
DA:18,1
DA:19,1
DA:20,1
DA:21,1
DA:22,1
DA:23,1
DA:24,1
LF:22
LH:22
BRDA:2,0,0,57
BRDA:11,1,0,10
BRDA:12,2,0,8
BRDA:15,3,0,17
BRDA:16,4,0,9
BRDA:18,5,0,1
BRDA:19,6,0,1
BRDA:20,7,0,1
BRDA:21,8,0,1
BRDA:22,9,0,1
BRDA:23,10,0,1
BRF:11
BRH:11
end_of_record
TN:
SF:src/goodsManager.ts
FN:5,<instance_members_initializer>
FN:7,get items
FN:13,addItem
FN:21,removeItem
FN:34,updateGood
FN:51,listItems
FN:63,findItemById
FN:72,findItemByName
FN:81,findItemByMaterial
FN:92,checkStockShortage
FNF:10
FNH:10
FNDA:26,<instance_members_initializer>
FNDA:10,get items
FNDA:50,addItem
FNDA:1,removeItem
FNDA:1,updateGood
FNDA:1,listItems
FNDA:3,findItemById
FNDA:30,findItemByName
FNDA:3,findItemByMaterial
FNDA:5,checkStockShortage
DA:4,1
DA:5,1
DA:7,1
DA:13,1
DA:14,50
DA:15,50
DA:21,1
DA:22,1
DA:23,1
DA:34,1
DA:35,1
DA:36,1
DA:37,1
DA:38,1
DA:39,1
DA:40,1
DA:41,1
DA:42,1
DA:43,1
DA:51,1
DA:52,1
DA:53,1
DA:54,1
DA:55,1
DA:56,1
DA:63,1
DA:64,3
DA:65,3
DA:72,1
DA:73,30
DA:74,30
DA:81,1
DA:82,3
DA:83,3
DA:92,1
DA:93,5
DA:94,5
DA:96,5
DA:97,25
DA:98,25
DA:99,12
DA:100,12
DA:102,5
DA:103,5
DA:104,12
DA:105,25
DA:106,5
DA:107,5
DA:108,1
LF:49
LH:49
BRDA:5,0,0,26
BRDA:7,1,0,10
BRDA:13,2,0,50
BRDA:21,3,0,1
BRDA:22,4,0,1
BRDA:34,5,0,1
BRDA:38,6,0,0
BRDA:39,7,0,0
BRDA:40,8,0,0
BRDA:41,9,0,0
BRDA:35,10,0,1
BRDA:51,11,0,1
BRDA:52,12,0,1
BRDA:53,13,0,0
BRDA:54,14,0,0
BRDA:63,15,0,3
BRDA:64,16,0,5
BRDA:72,17,0,30
BRDA:73,18,0,95
BRDA:81,19,0,3
BRDA:82,20,0,6
BRDA:92,21,0,5
BRDA:96,22,0,25
BRDA:98,23,0,12
BRDA:100,24,0,5
BRDA:99,25,0,17
BRF:26
BRH:20
end_of_record
TN:
SF:src/inventoryCly.ts
FN:11,<instance_members_initializer>
FN:16,InventoryCLI
FN:24,mainMenu
FN:56,manageGoods
FN:109,consultMerchants
FN:119,consultCustomers
FNF:6
FNH:4
FNDA:5,<instance_members_initializer>
FNDA:5,InventoryCLI
FNDA:3,mainMenu
FNDA:4,manageGoods
FNDA:0,consultMerchants
FNDA:0,consultCustomers
DA:1,1
DA:3,1
DA:10,1
DA:11,1
DA:12,5
DA:13,5
DA:14,5
DA:16,1
DA:17,5
DA:18,5
DA:19,5
DA:20,5
DA:21,5
DA:22,5
DA:24,1
DA:25,3
DA:26,3
DA:27,3
DA:28,3
DA:29,3
DA:30,3
DA:32,3
DA:33,3
DA:34,3
DA:35,3
DA:36,3
DA:37,3
DA:39,3
DA:40,3
DA:41,1
DA:42,1
DA:43,3
DA:44,0
DA:45,0
DA:46,3
DA:47,0
DA:48,0
DA:49,3
DA:50,2
DA:51,2
DA:52,3
DA:53,1
DA:54,3
DA:56,1
DA:57,4
DA:58,4
DA:59,4
DA:60,4
DA:61,4
DA:62,4
DA:63,4
DA:64,4
DA:65,4
DA:66,4
DA:67,4
DA:68,4
DA:69,4
DA:70,1
DA:71,1
DA:72,1
DA:73,1
DA:74,1
DA:75,1
DA:76,1
DA:77,1
DA:78,1
DA:79,1
DA:80,1
DA:81,1
DA:83,4
DA:84,1
DA:85,1
DA:86,1
DA:87,1
DA:88,1
DA:89,1
DA:90,1
DA:91,1
DA:93,4
DA:94,1
DA:95,1
DA:96,1
DA:97,1
DA:98,1
DA:99,1
DA:100,1
DA:101,1
DA:102,1
DA:103,1
DA:104,1
DA:105,1
DA:106,1
DA:107,4
DA:109,1
DA:110,0
DA:111,0
DA:112,0
DA:113,0
DA:114,0
DA:115,0
DA:116,0
DA:117,0
DA:119,1
DA:120,0
DA:121,0
DA:122,0
DA:123,0
DA:124,0
DA:125,0
DA:126,0
DA:127,0
DA:128,1
LF:112
LH:92
BRDA:11,0,0,5
BRDA:16,1,0,5
BRDA:24,2,0,3
BRDA:40,3,0,1
BRDA:43,4,0,0
BRDA:46,5,0,0
BRDA:49,6,0,2
BRDA:52,7,0,1
BRDA:56,8,0,4
BRDA:69,9,0,1
BRDA:83,10,0,1
BRDA:93,11,0,1
BRF:12
BRH:10
end_of_record
TN:
SF:src/mercant_manager.ts
FN:4,<instance_members_initializer>
FN:6,get merchants
FN:12,addMerchant
FN:20,removeMerchant
FN:31,updateMerchant
FN:49,findMerchantByType
FN:61,findMerchantByLocation
FN:73,findMerchantByName
FNF:8
FNH:8
FNDA:2,<instance_members_initializer>
FNDA:16,get merchants
FNDA:5,addMerchant
FNDA:3,removeMerchant
FNDA:2,updateMerchant
FNDA:1,findMerchantByType
FNDA:1,findMerchantByLocation
FNDA:2,findMerchantByName
DA:3,1
DA:4,1
DA:6,1
DA:12,1
DA:13,5
DA:14,5
DA:20,1
DA:21,3
DA:22,3
DA:31,1
DA:32,2
DA:33,2
DA:34,2
DA:35,2
DA:36,2
DA:37,2
DA:38,2
DA:49,1
DA:50,1
DA:51,1
DA:61,1
DA:62,1
DA:63,1
DA:73,1
DA:74,2
DA:75,2
DA:76,1
LF:27
LH:27
BRDA:4,0,0,2
BRDA:6,1,0,16
BRDA:12,2,0,5
BRDA:20,3,0,3
BRDA:21,4,0,5
BRDA:31,5,0,2
BRDA:34,6,0,1
BRDA:35,7,0,1
BRDA:32,8,0,2
BRDA:49,9,0,1
BRDA:50,10,0,1
BRDA:61,11,0,1
BRDA:62,12,0,1
BRDA:73,13,0,2
BRDA:74,14,0,4
BRF:15
BRH:15
end_of_record
TN:
SF:src/mercants.ts
FN:2,Merchant
FN:9,get getId
FN:10,get getName
FN:11,get getType
FN:12,get getLocation
FN:14,setId
FN:15,setName
FN:16,setType
FN:17,setLocation
FNF:9
FNH:8
FNDA:12,Merchant
FNDA:0,get getId
FNDA:6,get getName
FNDA:1,get getType
FNDA:1,get getLocation
FNDA:1,setId
FNDA:1,setName
FNDA:1,setType
FNDA:1,setLocation
DA:1,1
DA:2,1
DA:3,12
DA:4,12
DA:5,12
DA:6,12
DA:7,12
DA:9,1
DA:10,1
DA:11,1
DA:12,1
DA:14,1
DA:15,1
DA:16,1
DA:17,1
DA:18,1
LF:16
LH:16
BRDA:2,0,0,12
BRDA:10,1,0,6
BRDA:11,2,0,1
BRDA:12,3,0,1
BRDA:14,4,0,1
BRDA:15,5,0,1
BRDA:16,6,0,1
BRDA:17,7,0,1
BRF:8
BRH:8
end_of_record
TN:
SF:src/reportGen.ts
FN:7,<instance_members_initializer>
FN:10,reportGen
FN:20,consultarStock
FN:51,consultarBienesMasVendidos
FN:84,calcularIngresosYGastos
FN:113,consultarHistorico
FNF:6
FNH:6
FNDA:14,<instance_members_initializer>
FNDA:14,reportGen
FNDA:3,consultarStock
FNDA:3,consultarBienesMasVendidos
FNDA:2,calcularIngresosYGastos
FNDA:2,consultarHistorico
DA:1,1
DA:6,1
DA:7,1
DA:8,14
DA:10,1
DA:11,14
DA:12,14
DA:13,14
DA:20,1
DA:21,3
DA:22,3
DA:23,1
DA:24,1
DA:25,1
DA:26,2
DA:27,2
DA:28,2
DA:29,2
DA:30,2
DA:31,2
DA:32,2
DA:33,2
DA:34,2
DA:35,3
DA:36,1
DA:37,1
DA:38,1
DA:39,1
DA:40,1
DA:41,1
DA:42,1
DA:43,3
DA:51,1
DA:52,3
DA:53,3
DA:54,1
DA:55,1
DA:56,1
DA:57,2
DA:58,2
DA:59,4
DA:60,1
DA:61,1
DA:62,1
DA:63,1
DA:64,1
DA:65,1
DA:66,1
DA:67,2
DA:68,2
DA:69,3
DA:70,1
DA:71,1
DA:72,1
DA:73,1
DA:74,1
DA:75,1
DA:76,1
DA:77,3
DA:84,1
DA:85,2
DA:86,2
DA:87,1
DA:88,1
DA:89,1
DA:90,1
DA:91,1
DA:92,1
DA:93,3
DA:94,1
DA:95,1
DA:96,1
DA:97,3
DA:98,1
DA:99,2
DA:100,1
DA:101,1
DA:102,1
DA:103,1
DA:104,1
DA:105,1
DA:106,2
DA:113,1
DA:114,2
DA:115,2
DA:116,2
DA:117,2
DA:118,2
DA:119,2
DA:120,2
DA:121,2
DA:122,6
DA:123,2
DA:124,2
DA:125,1
DA:126,1
DA:127,1
DA:128,1
DA:129,1
DA:130,2
DA:131,1
DA:132,2
DA:133,1
LF:103
LH:103
BRDA:7,0,0,14
BRDA:10,1,0,14
BRDA:20,2,0,3
BRDA:22,3,0,1
BRDA:25,4,0,2
BRDA:35,5,0,1
BRDA:31,6,0,4
BRDA:40,7,0,1
BRDA:51,8,0,3
BRDA:53,9,0,1
BRDA:56,10,0,2
BRDA:69,11,0,1
BRDA:58,12,0,4
BRDA:59,13,0,1
BRDA:60,14,0,1
BRDA:74,15,0,1
BRDA:84,16,0,2
BRDA:86,17,0,1
BRDA:92,18,0,3
BRDA:93,19,0,1
BRDA:97,20,0,2
BRDA:97,21,0,1
BRDA:94,22,0,1
BRDA:98,23,0,2
BRDA:113,24,0,2
BRDA:124,25,0,1
BRDA:121,26,0,6
BRDA:129,27,0,2
BRF:28
BRH:28
end_of_record
TN:
SF:src/transaction.ts
FN:7,Transaction
FN:16,get getId
FN:17,get getDate
FN:18,get getBuyerSeller
FN:19,get getGoods
FN:20,get getTotalAmount
FN:21,get getType
FN:23,setId
FN:24,setDate
FN:25,setBuyerSeller
FN:26,setGoods
FN:27,setTotalAmount
FN:28,setType
FN:33,calcularTotal
FN:41,addGood
FN:50,removeGood
FN:59,isValid
FN:67,getSummary
FNF:18
FNH:18
FNDA:13,Transaction
FNDA:1,get getId
FNDA:1,get getDate
FNDA:7,get getBuyerSeller
FNDA:6,get getGoods
FNDA:2,get getTotalAmount
FNDA:10,get getType
FNDA:1,setId
FNDA:1,setDate
FNDA:1,setBuyerSeller
FNDA:1,setGoods
FNDA:1,setTotalAmount
FNDA:1,setType
FNDA:4,calcularTotal
FNDA:1,addGood
FNDA:3,removeGood
FNDA:2,isValid
FNDA:3,getSummary
DA:6,1
DA:7,1
DA:8,13
DA:9,13
DA:10,13
DA:11,13
DA:12,13
DA:13,13
DA:14,13
DA:16,1
DA:17,1
DA:18,1
DA:19,1
DA:20,1
DA:21,1
DA:23,1
DA:24,1
DA:25,1
DA:26,1
DA:27,1
DA:28,1
DA:33,1
DA:34,4
DA:35,4
DA:41,1
DA:42,1
DA:43,1
DA:44,1
DA:50,1
DA:51,3
DA:52,3
DA:53,3
DA:59,1
DA:60,2
DA:61,2
DA:67,1
DA:68,3
DA:69,3
DA:70,3
DA:71,3
DA:72,3
DA:73,1
LF:42
LH:42
BRDA:7,0,0,13
BRDA:16,1,0,1
BRDA:17,2,0,1
BRDA:18,3,0,7
BRDA:19,4,0,6
BRDA:20,5,0,2
BRDA:21,6,0,10
BRDA:23,7,0,1
BRDA:24,8,0,1
BRDA:25,9,0,1
BRDA:26,10,0,1
BRDA:27,11,0,1
BRDA:28,12,0,1
BRDA:33,13,0,4
BRDA:34,14,0,6
BRDA:41,15,0,1
BRDA:50,16,0,3
BRDA:51,17,0,7
BRDA:59,18,0,2
BRDA:60,19,0,1
BRDA:67,20,0,3
BRF:21
BRH:21
end_of_record
TN:
SF:src/transaction_manager.ts
FN:4,<instance_members_initializer>
FN:6,get getTransactions
FN:11,addTransaction
FN:20,listTransactions
FNF:4
FNH:4
FNDA:15,<instance_members_initializer>
FNDA:10,get getTransactions
FNDA:24,addTransaction
FNDA:2,listTransactions
DA:3,1
DA:4,1
DA:6,1
DA:7,10
DA:8,10
DA:11,1
DA:12,24
DA:13,24
DA:20,1
DA:21,2
DA:22,2
DA:23,1
LF:12
LH:12
BRDA:4,0,0,15
BRDA:6,1,0,10
BRDA:11,2,0,24
BRDA:20,3,0,2
BRF:4
BRH:4
end_of_record
